<?xml version="1.0" encoding="UTF-8"?>
<testsuite name="ui.TestFor" tests="1" skipped="0" failures="0" errors="0" timestamp="2020-10-01T20:14:44" hostname="DESKTOP-D1L8F9K" time="11.745">
  <properties/>
  <testcase name="goToSubjects()" classname="ui.TestFor" time="11.745"/>
  <system-out><![CDATA[]]></system-out>
  <system-err><![CDATA[SLF4J: Failed to load class "org.slf4j.impl.StaticLoggerBinder".
SLF4J: Defaulting to no-operation (NOP) logger implementation
SLF4J: See http://www.slf4j.org/codes.html#StaticLoggerBinder for further details.
Starting ChromeDriver 85.0.4183.87 (cd6713ebf92fa1cacc0f1a598df280093af0c5d7-refs/branch-heads/4183@{#1689}) on port 31275
Only local connections are allowed.
Please see https://chromedriver.chromium.org/security-considerations for suggestions on keeping ChromeDriver safe.
ChromeDriver was started successfully.
окт 01, 2020 11:14:50 PM org.openqa.selenium.remote.ProtocolHandshake createSession
INFO: Detected dialect: W3C
]]></system-err>
</testsuite>
